<?xml version="1.0" encoding="UTF-8"?>
<testsuite name="jp.com.inotaku.controllerTest.UserControllerTest" tests="4" skipped="0" failures="0" errors="0" timestamp="2014-10-15T02:33:13" hostname="yuraku-PC" time="0.029">
  <properties/>
  <testcase name="testOnSubmit" classname="jp.com.inotaku.controllerTest.UserControllerTest" time="0.004"/>
  <testcase name="testAddUser" classname="jp.com.inotaku.controllerTest.UserControllerTest" time="0.023"/>
  <testcase name="testToUserEntryView" classname="jp.com.inotaku.controllerTest.UserControllerTest" time="0.0"/>
  <testcase name="testToLoginView" classname="jp.com.inotaku.controllerTest.UserControllerTest" time="0.0"/>
  <system-out><![CDATA[[User [userName=Taro, password=aaa]]
]]></system-out>
  <system-err><![CDATA[]]></system-err>
</testsuite>
