<?xml version="1.0" encoding="UTF-8"?>
<testsuite name="jp.com.inotaku.daoTest.UserDaoTest" tests="2" skipped="0" failures="0" errors="0" timestamp="2014-10-15T02:33:17" hostname="yuraku-PC" time="0.044">
  <properties/>
  <testcase name="testAddUser" classname="jp.com.inotaku.daoTest.UserDaoTest" time="0.027"/>
  <testcase name="testFindByUserNameAndPassword" classname="jp.com.inotaku.daoTest.UserDaoTest" time="0.017"/>
  <system-out><![CDATA[]]></system-out>
  <system-err><![CDATA[]]></system-err>
</testsuite>
