<?xml version="1.0" encoding="UTF-8"?>
<testsuite name="jp.com.inotaku.daoTest.ItemDaoTest" tests="4" skipped="0" failures="0" errors="0" timestamp="2014-10-15T02:33:13" hostname="yuraku-PC" time="3.221">
  <properties/>
  <testcase name="testFindByItemId" classname="jp.com.inotaku.daoTest.ItemDaoTest" time="3.157"/>
  <testcase name="testUpdateItem" classname="jp.com.inotaku.daoTest.ItemDaoTest" time="0.029"/>
  <testcase name="testGetAllItem" classname="jp.com.inotaku.daoTest.ItemDaoTest" time="0.013"/>
  <testcase name="testDeleteItem" classname="jp.com.inotaku.daoTest.ItemDaoTest" time="0.02"/>
  <system-out><![CDATA[INFO  XmlBeanDefinitionReader - Loading XML bean definitions from file [C:\Users\yuraku\Documents\スプリングワークスペース\ShoppingSiteGradle\build\resources\main\spring\application-config.xml]
INFO  GenericApplicationContext - Refreshing org.springframework.context.support.GenericApplicationContext@55a47a37: startup date [Wed Oct 15 11:33:14 JST 2014]; root of context hierarchy
INFO  PropertySourcesPlaceholderConfigurer - Loading properties file from class path resource [spring/database.properties]
INFO  EmbeddedDatabaseFactory - Creating embedded database 'dataSource'
INFO  ScriptUtils - Executing SQL script from class path resource [schema.sql]
INFO  ScriptUtils - Executed SQL script from class path resource [schema.sql] in 20 ms.
INFO  ScriptUtils - Executing SQL script from class path resource [test-data.sql]
INFO  ScriptUtils - Executed SQL script from class path resource [test-data.sql] in 4 ms.
INFO  LocalContainerEntityManagerFactoryBean - Building JPA container EntityManagerFactory for persistence unit 'Shoppingsite'
Item [itemId=4, itemName=洗濯機, price=5000, description=全自動洗濯機（5．5kg） ]
Item [itemId=1, itemName=掃除機, price=2000, description=コードレスクリーナー]
[Item [itemId=1, itemName=掃除機, price=2000, description=コードレスクリーナー], Item [itemId=2, itemName=b, price=5000, description=bbb], Item [itemId=3, itemName=冷蔵庫, price=10000, description=４ドア冷蔵庫（３５５Ｌ・右開き）], Item [itemId=4, itemName=洗濯機, price=5000, description=全自動洗濯機（5．5kg） ], Item [itemId=5, itemName=冷蔵庫, price=10000, description=４ドア冷蔵庫（３５５Ｌ・右開き）], Item [itemId=6, itemName=洗濯機, price=5000, description=全自動洗濯機（5．5kg） ], Item [itemId=7, itemName=冷蔵庫, price=10000, description=４ドア冷蔵庫（３５５Ｌ・右開き）], Item [itemId=8, itemName=洗濯機, price=5000, description=全自動洗濯機（5．5kg） ]]
]]></system-out>
  <system-err><![CDATA[log4j:WARN No appenders could be found for logger (org.jboss.logging).
log4j:WARN Please initialize the log4j system properly.
]]></system-err>
</testsuite>
